[debug] [2024-01-25T12:22:10.921Z] ----------------------------------------------------------------------
[debug] [2024-01-25T12:22:10.924Z] Command:       C:\Program Files\nodejs\node.exe C:\Users\DREAM\AppData\Roaming\npm\node_modules\firebase-tools\lib\bin\firebase.js init
[debug] [2024-01-25T12:22:10.924Z] CLI Version:   13.1.0
[debug] [2024-01-25T12:22:10.924Z] Platform:      win32
[debug] [2024-01-25T12:22:10.925Z] Node Version:  v21.6.1
[debug] [2024-01-25T12:22:10.925Z] Time:          Thu Jan 25 2024 18:22:10 GMT+0600 (Bangladesh Standard Time)
[debug] [2024-01-25T12:22:10.925Z] ----------------------------------------------------------------------
[debug] 
[debug] [2024-01-25T12:22:10.933Z] > command requires scopes: ["email","openid","https://www.googleapis.com/auth/cloudplatformprojects.readonly","https://www.googleapis.com/auth/firebase","https://www.googleapis.com/auth/cloud-platform"]
[debug] [2024-01-25T12:22:10.933Z] > authorizing via signed-in user (soad.anam7@gmail.com)
[info] 
     ######## #### ########  ######## ########     ###     ######  ########
     ##        ##  ##     ## ##       ##     ##  ##   ##  ##       ##
     ######    ##  ########  ######   ########  #########  ######  ######
     ##        ##  ##    ##  ##       ##     ## ##     ##       ## ##
     ##       #### ##     ## ######## ########  ##     ##  ######  ########

You're about to initialize a Firebase project in this directory:

  C:\Projects\ALL_LinkedIn\Simple_Auth\dubai

Before we get started, keep in mind:

  * You are currently outside your home directory

